0 info it worked if it ends with ok
1 verbose cli [ '/usr/local/bin/node', '/usr/local/bin/npm', 'publish' ]
2 info using npm@3.10.10
3 info using node@v6.9.5
4 verbose publish [ '.' ]
5 silly cache add args [ '.', null ]
6 verbose cache add spec .
7 silly cache add parsed spec Result {
7 silly cache add   raw: '.',
7 silly cache add   scope: null,
7 silly cache add   escapedName: null,
7 silly cache add   name: null,
7 silly cache add   rawSpec: '.',
7 silly cache add   spec: '/Users/baidu/work/project/wallet/mip-ueditor-cli',
7 silly cache add   type: 'directory' }
8 verbose addLocalDirectory /Users/baidu/.npm/mip-ueditor-cli/1.0.0/package.tgz not in flight; packing
9 verbose correctMkdir /Users/baidu/.npm correctMkdir not in flight; initializing
10 info lifecycle mip-ueditor-cli@1.0.0~prepublish: mip-ueditor-cli@1.0.0
11 silly lifecycle mip-ueditor-cli@1.0.0~prepublish: no script for prepublish, continuing
12 verbose tar pack [ '/Users/baidu/.npm/mip-ueditor-cli/1.0.0/package.tgz',
12 verbose tar pack   '/Users/baidu/work/project/wallet/mip-ueditor-cli' ]
13 verbose tarball /Users/baidu/.npm/mip-ueditor-cli/1.0.0/package.tgz
14 verbose folder /Users/baidu/work/project/wallet/mip-ueditor-cli
15 verbose addLocalTarball adding from inside cache /Users/baidu/.npm/mip-ueditor-cli/1.0.0/package.tgz
16 verbose correctMkdir /Users/baidu/.npm correctMkdir not in flight; initializing
17 silly cache afterAdd mip-ueditor-cli@1.0.0
18 verbose afterAdd /Users/baidu/.npm/mip-ueditor-cli/1.0.0/package/package.json not in flight; writing
19 verbose correctMkdir /Users/baidu/.npm correctMkdir not in flight; initializing
20 verbose afterAdd /Users/baidu/.npm/mip-ueditor-cli/1.0.0/package/package.json written
21 silly publish { name: 'mip-ueditor-cli',
21 silly publish   version: '1.0.0',
21 silly publish   description: 'make html string pass mip check',
21 silly publish   main: 'index.js',
21 silly publish   scripts: { test: 'echo "Error: no test specified" && exit 1' },
21 silly publish   author: { name: 'luoxiaolan' },
21 silly publish   license: 'ISC',
21 silly publish   dependencies: { jsdom: '^11.6.2' },
21 silly publish   gitHead: 'e0053de388b21ce737dab7b0218ec274ad754c97',
21 silly publish   readme: 'ERROR: No README data found!',
21 silly publish   _id: 'mip-ueditor-cli@1.0.0',
21 silly publish   _shasum: '5aa930fe2a4aab49b4134d0f38fc02160025c9c7',
21 silly publish   _from: '.' }
22 verbose getPublishConfig undefined
23 silly mapToRegistry name mip-ueditor-cli
24 silly mapToRegistry using default registry
25 silly mapToRegistry registry https://registry.npmjs.org/
26 silly mapToRegistry data Result {
26 silly mapToRegistry   raw: 'mip-ueditor-cli',
26 silly mapToRegistry   scope: null,
26 silly mapToRegistry   escapedName: 'mip-ueditor-cli',
26 silly mapToRegistry   name: 'mip-ueditor-cli',
26 silly mapToRegistry   rawSpec: '',
26 silly mapToRegistry   spec: 'latest',
26 silly mapToRegistry   type: 'tag' }
27 silly mapToRegistry uri https://registry.npmjs.org/mip-ueditor-cli
28 verbose publish registryBase https://registry.npmjs.org/
29 silly publish uploading /Users/baidu/.npm/mip-ueditor-cli/1.0.0/package.tgz
30 verbose request uri https://registry.npmjs.org/mip-ueditor-cli
31 verbose request sending authorization for write operation
32 info attempt registry request try #1 at 10:43:54
33 verbose request using bearer token for auth
34 verbose request id 7293e6b2aada4b60
35 http request PUT https://registry.npmjs.org/mip-ueditor-cli
36 http 403 https://registry.npmjs.org/mip-ueditor-cli
37 verbose headers { 'content-type': 'application/json',
37 verbose headers   'cache-control': 'max-age=300',
37 verbose headers   'content-length': '104',
37 verbose headers   'accept-ranges': 'bytes',
37 verbose headers   date: 'Thu, 01 Feb 2018 02:43:54 GMT',
37 verbose headers   via: '1.1 varnish',
37 verbose headers   connection: 'keep-alive',
37 verbose headers   'x-served-by': 'cache-hkg17927-HKG',
37 verbose headers   'x-cache': 'MISS',
37 verbose headers   'x-cache-hits': '0',
37 verbose headers   'x-timer': 'S1517453034.438807,VS0,VE401',
37 verbose headers   vary: 'Accept-Encoding, Accept' }
38 verbose request invalidating /Users/baidu/.npm/registry.npmjs.org/mip-ueditor-cli on PUT
39 error publish Failed PUT 403
40 verbose stack Error: you must verify your email before publishing a new package: https://www.npmjs.com/email-edit : mip-ueditor-cli
40 verbose stack     at makeError (/usr/local/lib/node_modules/npm/node_modules/npm-registry-client/lib/request.js:302:12)
40 verbose stack     at CachingRegistryClient.<anonymous> (/usr/local/lib/node_modules/npm/node_modules/npm-registry-client/lib/request.js:290:14)
40 verbose stack     at Request._callback (/usr/local/lib/node_modules/npm/node_modules/npm-registry-client/lib/request.js:210:14)
40 verbose stack     at Request.self.callback (/usr/local/lib/node_modules/npm/node_modules/request/request.js:187:22)
40 verbose stack     at emitTwo (events.js:106:13)
40 verbose stack     at Request.emit (events.js:191:7)
40 verbose stack     at Request.<anonymous> (/usr/local/lib/node_modules/npm/node_modules/request/request.js:1048:10)
40 verbose stack     at emitOne (events.js:96:13)
40 verbose stack     at Request.emit (events.js:188:7)
40 verbose stack     at IncomingMessage.<anonymous> (/usr/local/lib/node_modules/npm/node_modules/request/request.js:969:12)
41 verbose statusCode 403
42 verbose pkgid mip-ueditor-cli
43 verbose cwd /Users/baidu/work/project/wallet/mip-ueditor-cli
44 error Darwin 14.5.0
45 error argv "/usr/local/bin/node" "/usr/local/bin/npm" "publish"
46 error node v6.9.5
47 error npm  v3.10.10
48 error code E403
49 error you must verify your email before publishing a new package: https://www.npmjs.com/email-edit : mip-ueditor-cli
50 error If you need help, you may report this error at:
50 error     <https://github.com/npm/npm/issues>
51 verbose exit [ 1, true ]
